The system is: Windows - 10.0.19043 - AMD64
Compiling the C compiler identification source file "CMakeCCompilerId.c" succeeded.
Compiler: C:/Program Files (x86)/Microsoft Visual Studio/2019/Community/VC/Tools/MSVC/14.21.27702/bin/Hostx86/x86/cl.exe 
Build flags: 
Id flags:  

The output was:
0
Microsoft (R) C/C++ Optimizing Compiler Version 19.21.27702.2 for x86
Copyright (C) Microsoft Corporation.  All rights reserved.

CMakeCCompilerId.c
Microsoft (R) Incremental Linker Version 14.21.27702.2
Copyright (C) Microsoft Corporation.  All rights reserved.

/out:CMakeCCompilerId.exe 
CMakeCCompilerId.obj 


Compilation of the C compiler identification source "CMakeCCompilerId.c" produced "CMakeCCompilerId.exe"

Compilation of the C compiler identification source "CMakeCCompilerId.c" produced "CMakeCCompilerId.obj"

The C compiler identification is MSVC, found in "C:/Users/sonje/OneDrive/Cloud Storage/Courses/Quantnet/C++/Quantnet_Cplusplus/cmake-build-debug/CMakeFiles/3.19.2/CompilerIdC/CMakeCCompilerId.exe"

Compiling the CXX compiler identification source file "CMakeCXXCompilerId.cpp" succeeded.
Compiler: C:/Program Files (x86)/Microsoft Visual Studio/2019/Community/VC/Tools/MSVC/14.21.27702/bin/Hostx86/x86/cl.exe 
Build flags: 
Id flags:  

The output was:
0
Microsoft (R) C/C++ Optimizing Compiler Version 19.21.27702.2 for x86
Copyright (C) Microsoft Corporation.  All rights reserved.

CMakeCXXCompilerId.cpp
Microsoft (R) Incremental Linker Version 14.21.27702.2
Copyright (C) Microsoft Corporation.  All rights reserved.

/out:CMakeCXXCompilerId.exe 
CMakeCXXCompilerId.obj 


Compilation of the CXX compiler identification source "CMakeCXXCompilerId.cpp" produced "CMakeCXXCompilerId.exe"

Compilation of the CXX compiler identification source "CMakeCXXCompilerId.cpp" produced "CMakeCXXCompilerId.obj"

The CXX compiler identification is MSVC, found in "C:/Users/sonje/OneDrive/Cloud Storage/Courses/Quantnet/C++/Quantnet_Cplusplus/cmake-build-debug/CMakeFiles/3.19.2/CompilerIdCXX/CMakeCXXCompilerId.exe"

Detecting C compiler ABI info compiled with the following output:
Change Dir: C:/Users/sonje/OneDrive/Cloud Storage/Courses/Quantnet/C++/Quantnet_Cplusplus/cmake-build-debug/CMakeFiles/CMakeTmp

Run Build Command(s):nmake /nologo cmTC_20648\fast && 	"C:\Program Files (x86)\Microsoft Visual Studio\2019\Community\VC\Tools\MSVC\14.21.27702\bin\HostX86\x86\nmake.exe"  -f CMakeFiles\cmTC_20648.dir\build.make /nologo -L                  CMakeFiles\cmTC_20648.dir\build
Building C object CMakeFiles/cmTC_20648.dir/CMakeCCompilerABI.c.obj
	C:\PROGRA~2\MICROS~1\2019\COMMUN~1\VC\Tools\MSVC\1421~1.277\bin\Hostx86\x86\cl.exe @C:\Users\sonje\AppData\Local\Temp\nmBEE.tmp
CMakeCCompilerABI.c
Linking C executable cmTC_20648.exe
	"C:\Program Files\JetBrains\CLion 2021.1.1\bin\cmake\win\bin\cmake.exe" -E vs_link_exe --intdir=CMakeFiles\cmTC_20648.dir --rc=C:\PROGRA~2\WI3CF2~1\10\bin\100177~1.0\x86\rc.exe --mt=C:\PROGRA~2\WI3CF2~1\10\bin\100177~1.0\x86\mt.exe --manifests -- C:\PROGRA~2\MICROS~1\2019\COMMUN~1\VC\Tools\MSVC\1421~1.277\bin\Hostx86\x86\link.exe /nologo @CMakeFiles\cmTC_20648.dir\objects1.rsp @C:\Users\sonje\AppData\Local\Temp\nmECD.tmp



Detecting CXX compiler ABI info compiled with the following output:
Change Dir: C:/Users/sonje/OneDrive/Cloud Storage/Courses/Quantnet/C++/Quantnet_Cplusplus/cmake-build-debug/CMakeFiles/CMakeTmp

Run Build Command(s):nmake /nologo cmTC_c4365\fast && 	"C:\Program Files (x86)\Microsoft Visual Studio\2019\Community\VC\Tools\MSVC\14.21.27702\bin\HostX86\x86\nmake.exe"  -f CMakeFiles\cmTC_c4365.dir\build.make /nologo -L                  CMakeFiles\cmTC_c4365.dir\build
Building CXX object CMakeFiles/cmTC_c4365.dir/CMakeCXXCompilerABI.cpp.obj
	C:\PROGRA~2\MICROS~1\2019\COMMUN~1\VC\Tools\MSVC\1421~1.277\bin\Hostx86\x86\cl.exe @C:\Users\sonje\AppData\Local\Temp\nm19C9.tmp
CMakeCXXCompilerABI.cpp
Linking CXX executable cmTC_c4365.exe
	"C:\Program Files\JetBrains\CLion 2021.1.1\bin\cmake\win\bin\cmake.exe" -E vs_link_exe --intdir=CMakeFiles\cmTC_c4365.dir --rc=C:\PROGRA~2\WI3CF2~1\10\bin\100177~1.0\x86\rc.exe --mt=C:\PROGRA~2\WI3CF2~1\10\bin\100177~1.0\x86\mt.exe --manifests -- C:\PROGRA~2\MICROS~1\2019\COMMUN~1\VC\Tools\MSVC\1421~1.277\bin\Hostx86\x86\link.exe /nologo @CMakeFiles\cmTC_c4365.dir\objects1.rsp @C:\Users\sonje\AppData\Local\Temp\nm1B22.tmp



